1627388576921	geckodriver	INFO	Listening on 127.0.0.1:58442
1627388577948	mozrunner::runner	INFO	Running command: "/Applications/Firefox.app/Contents/MacOS/firefox-bin" "--marionette" "-headless" "-foreground" "-no-remote" "-profile" "/var/folders/q1/k_zf72695zj_nzqbjmgw2t900000gn/T/rust_mozprofileAOEfof"
*** You are running in headless mode.
1627388578679	Marionette	INFO	Marionette enabled
[GFX1-]: RenderCompositorSWGL failed mapping default framebuffer, no dt
console.warn: SearchSettings: "get: No settings file exists, new profile?" (new NotFoundError("Could not open the file at /var/folders/q1/k_zf72695zj_nzqbjmgw2t900000gn/T/rust_mozprofileAOEfof/search.json.mozlz4", (void 0)))
console.error: BackgroundUpdate: 
  _reasonsToNotScheduleUpdates: Failed to check for Maintenance Service Registry Key: [Exception... "Component returned failure code: 0x80004001 (NS_ERROR_NOT_IMPLEMENTED) [nsIUpdateProcessor.getServiceRegKeyExists]"  nsresult: "0x80004001 (NS_ERROR_NOT_IMPLEMENTED)"  location: "JS frame :: resource://gre/modules/BackgroundUpdate.jsm :: _reasonsToNotScheduleUpdates :: line 243"  data: no]
1627388580112	Marionette	INFO	Listening on port 58453
1627388580200	Marionette	WARN	TLS certificate errors will be ignored for this session
JavaScript error: https://www.dailymirror.lk/breaking_news/Delta-variant-cases-are-in-every-part-of-the-country-Health-Ministry/108-216889, line 677: ReferenceError: vitag is not defined
JavaScript error: https://www.dailymirror.lk/breaking_news/Delta-variant-cases-are-in-every-part-of-the-country-Health-Ministry/108-216889, line 1860: TypeError: sidebarBtn is null
JavaScript error: https://www.dailymirror.lk/breaking_news/Delta-variant-cases-are-in-every-part-of-the-country-Health-Ministry/108-216889, line 1950: ReferenceError: fluidvids is not defined
JavaScript error: https://www.dailymirror.lk/breaking_news/Delta-variant-cases-are-in-every-part-of-the-country-Health-Ministry/108-216889, line 1960: ReferenceError: urchinTracker is not defined
JavaScript warning: https://pagead2.googlesyndication.com/bg/xiQPSZLId9pMv2s_MZtrVntaUznED8IZKY_fAKtlVSo.js line 1 > eval line 6665 > eval line 1 > eval, line 1: Failed to create WebGL context: WebGL creation failed: 
* Can't use WebGL in headless mode (https://bugzil.la/1375585). ()
1627388587834	Marionette	INFO	Stopped listening on port 58453
JavaScript error: , line 0: TypeError: NetworkError when attempting to fetch resource.
JavaScript error: , line 0: TypeError: NetworkError when attempting to fetch resource.
JavaScript error: , line 0: TypeError: NetworkError when attempting to fetch resource.
JavaScript error: , line 0: TypeError: NetworkError when attempting to fetch resource.
JavaScript error: , line 0: TypeError: NetworkError when attempting to fetch resource.
JavaScript error: , line 0: TypeError: NetworkError when attempting to fetch resource.
JavaScript error: , line 0: TypeError: NetworkError when attempting to fetch resource.
JavaScript error: , line 0: TypeError: NetworkError when attempting to fetch resource.

###!!! [Parent][MessageChannel] Error: (msgtype=0x390079,name=PContent::Msg_DestroyBrowsingContextGroup) Closed channel: cannot send/recv


###!!! [Parent][RunMessage] Error: Channel closing: too late to send/recv, messages will be lost

1627388589735	geckodriver	INFO	Listening on 127.0.0.1:58591
1627388590754	mozrunner::runner	INFO	Running command: "/Applications/Firefox.app/Contents/MacOS/firefox-bin" "--marionette" "-headless" "-foreground" "-no-remote" "-profile" "/var/folders/q1/k_zf72695zj_nzqbjmgw2t900000gn/T/rust_mozprofilekSH8xG"
*** You are running in headless mode.
1627388591299	Marionette	INFO	Marionette enabled
[GFX1-]: RenderCompositorSWGL failed mapping default framebuffer, no dt
console.warn: SearchSettings: "get: No settings file exists, new profile?" (new NotFoundError("Could not open the file at /var/folders/q1/k_zf72695zj_nzqbjmgw2t900000gn/T/rust_mozprofilekSH8xG/search.json.mozlz4", (void 0)))
console.error: BackgroundUpdate: 
  _reasonsToNotScheduleUpdates: Failed to check for Maintenance Service Registry Key: [Exception... "Component returned failure code: 0x80004001 (NS_ERROR_NOT_IMPLEMENTED) [nsIUpdateProcessor.getServiceRegKeyExists]"  nsresult: "0x80004001 (NS_ERROR_NOT_IMPLEMENTED)"  location: "JS frame :: resource://gre/modules/BackgroundUpdate.jsm :: _reasonsToNotScheduleUpdates :: line 243"  data: no]
1627388592731	Marionette	INFO	Listening on port 58610
1627388592839	Marionette	WARN	TLS certificate errors will be ignored for this session
JavaScript error: https://www.dailymirror.lk/breaking_news/Donation-of-1-6-mn-Sinopharm-vaccines-arrive/108-216953, line 673: ReferenceError: vitag is not defined
JavaScript error: https://www.dailymirror.lk/breaking_news/Donation-of-1-6-mn-Sinopharm-vaccines-arrive/108-216953, line 1717: TypeError: sidebarBtn is null
JavaScript error: https://www.dailymirror.lk/breaking_news/Donation-of-1-6-mn-Sinopharm-vaccines-arrive/108-216953, line 1807: ReferenceError: fluidvids is not defined
JavaScript error: https://www.dailymirror.lk/breaking_news/Donation-of-1-6-mn-Sinopharm-vaccines-arrive/108-216953, line 1817: ReferenceError: urchinTracker is not defined
JavaScript warning: https://pagead2.googlesyndication.com/bg/xiQPSZLId9pMv2s_MZtrVntaUznED8IZKY_fAKtlVSo.js line 1 > eval line 6280 > eval, line 1: Failed to create WebGL context: WebGL creation failed: 
* Can't use WebGL in headless mode (https://bugzil.la/1375585). ()
1627388598483	Marionette	INFO	Stopped listening on port 58610
JavaScript error: , line 0: TypeError: NetworkError when attempting to fetch resource.
JavaScript error: , line 0: TypeError: NetworkError when attempting to fetch resource.
JavaScript error: , line 0: TypeError: NetworkError when attempting to fetch resource.
JavaScript error: , line 0: TypeError: NetworkError when attempting to fetch resource.
JavaScript error: , line 0: TypeError: NetworkError when attempting to fetch resource.
JavaScript error: , line 0: TypeError: NetworkError when attempting to fetch resource.
JavaScript error: , line 0: TypeError: NetworkError when attempting to fetch resource.
JavaScript error: , line 0: TypeError: NetworkError when attempting to fetch resource.
JavaScript error: , line 0: TypeError: NetworkError when attempting to fetch resource.
JavaScript error: , line 0: TypeError: NetworkError when attempting to fetch resource.

###!!! [Child][RunMessage] Error: Channel closing: too late to send/recv, messages will be lost


###!!! [Child][RunMessage] Error: Channel closing: too late to send/recv, messages will be lost


###!!! [Child][RunMessage] Error: Channel closing: too late to send/recv, messages will be lost


###!!! [Child][RunMessage] Error: Channel closing: too late to send/recv, messages will be lost


###!!! [Child][RunMessage] Error: Channel closing: too late to send/recv, messages will be lost


###!!! [Parent][MessageChannel] Error: (msgtype=0x390079,name=PContent::Msg_DestroyBrowsingContextGroup) Closed channel: cannot send/recv

JavaScript error: resource://gre/modules/Sqlite.jsm, line 1030: Error: Sqlite.jsm has been shutdown. Cannot open connection to: /var/folders/q1/k_zf72695zj_nzqbjmgw2t900000gn/T/rust_mozprofilekSH8xG/protections.sqlite
1627388600426	geckodriver	INFO	Listening on 127.0.0.1:58745
1627388601456	mozrunner::runner	INFO	Running command: "/Applications/Firefox.app/Contents/MacOS/firefox-bin" "--marionette" "-headless" "-foreground" "-no-remote" "-profile" "/var/folders/q1/k_zf72695zj_nzqbjmgw2t900000gn/T/rust_mozprofileP4UZW6"
*** You are running in headless mode.
1627388601887	Marionette	INFO	Marionette enabled
[GFX1-]: RenderCompositorSWGL failed mapping default framebuffer, no dt
console.warn: SearchSettings: "get: No settings file exists, new profile?" (new NotFoundError("Could not open the file at /var/folders/q1/k_zf72695zj_nzqbjmgw2t900000gn/T/rust_mozprofileP4UZW6/search.json.mozlz4", (void 0)))
console.error: BackgroundUpdate: 
  _reasonsToNotScheduleUpdates: Failed to check for Maintenance Service Registry Key: [Exception... "Component returned failure code: 0x80004001 (NS_ERROR_NOT_IMPLEMENTED) [nsIUpdateProcessor.getServiceRegKeyExists]"  nsresult: "0x80004001 (NS_ERROR_NOT_IMPLEMENTED)"  location: "JS frame :: resource://gre/modules/BackgroundUpdate.jsm :: _reasonsToNotScheduleUpdates :: line 243"  data: no]
1627388603056	Marionette	INFO	Listening on port 58752
1627388603158	Marionette	WARN	TLS certificate errors will be ignored for this session
JavaScript error: https://www.dailymirror.lk/breaking_news/Gazette-issued-to-display-weight-in-kgs-on-LPG-cylinders/108-216891, line 672: ReferenceError: vitag is not defined
JavaScript error: https://www.dailymirror.lk/breaking_news/Gazette-issued-to-display-weight-in-kgs-on-LPG-cylinders/108-216891, line 1715: TypeError: sidebarBtn is null
JavaScript error: https://www.dailymirror.lk/breaking_news/Gazette-issued-to-display-weight-in-kgs-on-LPG-cylinders/108-216891, line 1805: ReferenceError: fluidvids is not defined
JavaScript error: https://www.dailymirror.lk/breaking_news/Gazette-issued-to-display-weight-in-kgs-on-LPG-cylinders/108-216891, line 1815: ReferenceError: urchinTracker is not defined
JavaScript warning: https://pagead2.googlesyndication.com/bg/xiQPSZLId9pMv2s_MZtrVntaUznED8IZKY_fAKtlVSo.js line 1 > eval line 2373 > eval, line 1: Failed to create WebGL context: WebGL creation failed: 
* Can't use WebGL in headless mode (https://bugzil.la/1375585). ()
1627388610006	Marionette	INFO	Stopped listening on port 58752
JavaScript error: , line 0: TypeError: NetworkError when attempting to fetch resource.
JavaScript error: , line 0: TypeError: NetworkError when attempting to fetch resource.
JavaScript error: , line 0: TypeError: NetworkError when attempting to fetch resource.
JavaScript error: , line 0: TypeError: NetworkError when attempting to fetch resource.
JavaScript error: , line 0: TypeError: NetworkError when attempting to fetch resource.
JavaScript error: , line 0: TypeError: NetworkError when attempting to fetch resource.
JavaScript error: , line 0: TypeError: NetworkError when attempting to fetch resource.
JavaScript error: , line 0: TypeError: NetworkError when attempting to fetch resource.
JavaScript error: , line 0: TypeError: NetworkError when attempting to fetch resource.
JavaScript error: , line 0: TypeError: NetworkError when attempting to fetch resource.
1627388612029	geckodriver	INFO	Listening on 127.0.0.1:58873
1627388613058	mozrunner::runner	INFO	Running command: "/Applications/Firefox.app/Contents/MacOS/firefox-bin" "--marionette" "-headless" "-foreground" "-no-remote" "-profile" "/var/folders/q1/k_zf72695zj_nzqbjmgw2t900000gn/T/rust_mozprofileGtINcn"
*** You are running in headless mode.
1627388613471	Marionette	INFO	Marionette enabled
[GFX1-]: RenderCompositorSWGL failed mapping default framebuffer, no dt
console.warn: SearchSettings: "get: No settings file exists, new profile?" (new NotFoundError("Could not open the file at /var/folders/q1/k_zf72695zj_nzqbjmgw2t900000gn/T/rust_mozprofileGtINcn/search.json.mozlz4", (void 0)))
console.error: BackgroundUpdate: 
  _reasonsToNotScheduleUpdates: Failed to check for Maintenance Service Registry Key: [Exception... "Component returned failure code: 0x80004001 (NS_ERROR_NOT_IMPLEMENTED) [nsIUpdateProcessor.getServiceRegKeyExists]"  nsresult: "0x80004001 (NS_ERROR_NOT_IMPLEMENTED)"  location: "JS frame :: resource://gre/modules/BackgroundUpdate.jsm :: _reasonsToNotScheduleUpdates :: line 243"  data: no]
1627388614625	Marionette	INFO	Listening on port 58880
1627388614647	Marionette	WARN	TLS certificate errors will be ignored for this session
JavaScript error: https://www.dailymirror.lk/breaking_news/Liberty-Plaza-re-opened-after-being-shut-over-weekend/108-216895, line 679: ReferenceError: vitag is not defined
JavaScript error: https://www.dailymirror.lk/breaking_news/Liberty-Plaza-re-opened-after-being-shut-over-weekend/108-216895, line 1747: TypeError: sidebarBtn is null
JavaScript error: https://www.dailymirror.lk/breaking_news/Liberty-Plaza-re-opened-after-being-shut-over-weekend/108-216895, line 1837: ReferenceError: fluidvids is not defined
JavaScript error: https://www.dailymirror.lk/breaking_news/Liberty-Plaza-re-opened-after-being-shut-over-weekend/108-216895, line 1847: ReferenceError: urchinTracker is not defined
JavaScript warning: https://pagead2.googlesyndication.com/bg/xiQPSZLId9pMv2s_MZtrVntaUznED8IZKY_fAKtlVSo.js line 1 > eval line 1608 > eval, line 1: Failed to create WebGL context: WebGL creation failed: 
* Can't use WebGL in headless mode (https://bugzil.la/1375585). ()
1627388620745	Marionette	INFO	Stopped listening on port 58880
JavaScript error: , line 0: TypeError: NetworkError when attempting to fetch resource.
JavaScript error: , line 0: TypeError: NetworkError when attempting to fetch resource.
JavaScript error: , line 0: TypeError: NetworkError when attempting to fetch resource.
JavaScript error: , line 0: TypeError: NetworkError when attempting to fetch resource.
JavaScript error: , line 0: TypeError: NetworkError when attempting to fetch resource.
JavaScript error: , line 0: TypeError: NetworkError when attempting to fetch resource.
JavaScript error: , line 0: TypeError: NetworkError when attempting to fetch resource.
JavaScript error: , line 0: TypeError: NetworkError when attempting to fetch resource.
JavaScript error: , line 0: TypeError: NetworkError when attempting to fetch resource.

###!!! [Parent][MessageChannel] Error: (msgtype=0x390079,name=PContent::Msg_DestroyBrowsingContextGroup) Closed channel: cannot send/recv

1627388622744	geckodriver	INFO	Listening on 127.0.0.1:59004
1627388623773	mozrunner::runner	INFO	Running command: "/Applications/Firefox.app/Contents/MacOS/firefox-bin" "--marionette" "-headless" "-foreground" "-no-remote" "-profile" "/var/folders/q1/k_zf72695zj_nzqbjmgw2t900000gn/T/rust_mozprofileqzym6P"
*** You are running in headless mode.
1627388624181	Marionette	INFO	Marionette enabled
[GFX1-]: RenderCompositorSWGL failed mapping default framebuffer, no dt
console.warn: SearchSettings: "get: No settings file exists, new profile?" (new NotFoundError("Could not open the file at /var/folders/q1/k_zf72695zj_nzqbjmgw2t900000gn/T/rust_mozprofileqzym6P/search.json.mozlz4", (void 0)))
console.error: BackgroundUpdate: 
  _reasonsToNotScheduleUpdates: Failed to check for Maintenance Service Registry Key: [Exception... "Component returned failure code: 0x80004001 (NS_ERROR_NOT_IMPLEMENTED) [nsIUpdateProcessor.getServiceRegKeyExists]"  nsresult: "0x80004001 (NS_ERROR_NOT_IMPLEMENTED)"  location: "JS frame :: resource://gre/modules/BackgroundUpdate.jsm :: _reasonsToNotScheduleUpdates :: line 243"  data: no]
1627388625281	Marionette	INFO	Listening on port 59011
1627388625349	Marionette	WARN	TLS certificate errors will be ignored for this session
JavaScript error: https://www.dailymirror.lk/breaking_news/Navy-seizes-Kerala-cannabis-worth-over-Rs-65Mn-in-northern-seas/108-216890, line 677: ReferenceError: vitag is not defined
JavaScript error: https://www.dailymirror.lk/breaking_news/Navy-seizes-Kerala-cannabis-worth-over-Rs-65Mn-in-northern-seas/108-216890, line 1698: TypeError: sidebarBtn is null
JavaScript error: https://www.dailymirror.lk/breaking_news/Navy-seizes-Kerala-cannabis-worth-over-Rs-65Mn-in-northern-seas/108-216890, line 1788: ReferenceError: fluidvids is not defined
JavaScript error: https://www.dailymirror.lk/breaking_news/Navy-seizes-Kerala-cannabis-worth-over-Rs-65Mn-in-northern-seas/108-216890, line 1798: ReferenceError: urchinTracker is not defined
JavaScript warning: https://pagead2.googlesyndication.com/bg/xiQPSZLId9pMv2s_MZtrVntaUznED8IZKY_fAKtlVSo.js line 1 > eval line 6230 > eval, line 1: Failed to create WebGL context: WebGL creation failed: 
* Can't use WebGL in headless mode (https://bugzil.la/1375585). ()
1627388632278	Marionette	INFO	Stopped listening on port 59011
JavaScript error: , line 0: TypeError: NetworkError when attempting to fetch resource.
JavaScript error: , line 0: TypeError: NetworkError when attempting to fetch resource.
JavaScript error: , line 0: TypeError: NetworkError when attempting to fetch resource.
JavaScript error: , line 0: TypeError: NetworkError when attempting to fetch resource.
JavaScript error: , line 0: TypeError: NetworkError when attempting to fetch resource.
JavaScript error: , line 0: TypeError: NetworkError when attempting to fetch resource.
JavaScript error: , line 0: TypeError: NetworkError when attempting to fetch resource.
JavaScript error: , line 0: TypeError: NetworkError when attempting to fetch resource.
JavaScript error: , line 0: TypeError: NetworkError when attempting to fetch resource.
JavaScript error: , line 0: TypeError: NetworkError when attempting to fetch resource.

###!!! [Child][RunMessage] Error: Channel closing: too late to send/recv, messages will be lost


###!!! [Parent][MessageChannel] Error: (msgtype=0x390079,name=PContent::Msg_DestroyBrowsingContextGroup) Closed channel: cannot send/recv

JavaScript error: resource://gre/modules/Sqlite.jsm, line 1030: Error: Sqlite.jsm has been shutdown. Cannot open connection to: /var/folders/q1/k_zf72695zj_nzqbjmgw2t900000gn/T/rust_mozprofileqzym6P/protections.sqlite

###!!! [Parent][RunMessage] Error: Channel closing: too late to send/recv, messages will be lost

1627388761914	geckodriver	INFO	Listening on 127.0.0.1:59141
1627388762929	mozrunner::runner	INFO	Running command: "/Applications/Firefox.app/Contents/MacOS/firefox-bin" "--marionette" "-headless" "-foreground" "-no-remote" "-profile" "/var/folders/q1/k_zf72695zj_nzqbjmgw2t900000gn/T/rust_mozprofileZiYola"
*** You are running in headless mode.
1627388763482	Marionette	INFO	Marionette enabled
[GFX1-]: RenderCompositorSWGL failed mapping default framebuffer, no dt
console.warn: SearchSettings: "get: No settings file exists, new profile?" (new NotFoundError("Could not open the file at /var/folders/q1/k_zf72695zj_nzqbjmgw2t900000gn/T/rust_mozprofileZiYola/search.json.mozlz4", (void 0)))
console.error: BackgroundUpdate: 
  _reasonsToNotScheduleUpdates: Failed to check for Maintenance Service Registry Key: [Exception... "Component returned failure code: 0x80004001 (NS_ERROR_NOT_IMPLEMENTED) [nsIUpdateProcessor.getServiceRegKeyExists]"  nsresult: "0x80004001 (NS_ERROR_NOT_IMPLEMENTED)"  location: "JS frame :: resource://gre/modules/BackgroundUpdate.jsm :: _reasonsToNotScheduleUpdates :: line 243"  data: no]
1627388764791	Marionette	INFO	Listening on port 59152
1627388764823	Marionette	WARN	TLS certificate errors will be ignored for this session
JavaScript error: https://www.dailymirror.lk/breaking_news/Over-400-000-people-vaccinated-yesterday/108-216952, line 677: ReferenceError: vitag is not defined
JavaScript error: https://www.dailymirror.lk/breaking_news/Over-400-000-people-vaccinated-yesterday/108-216952, line 1720: TypeError: sidebarBtn is null
JavaScript error: https://www.dailymirror.lk/breaking_news/Over-400-000-people-vaccinated-yesterday/108-216952, line 1810: ReferenceError: fluidvids is not defined
JavaScript error: https://www.dailymirror.lk/breaking_news/Over-400-000-people-vaccinated-yesterday/108-216952, line 1820: ReferenceError: urchinTracker is not defined
JavaScript warning: https://pagead2.googlesyndication.com/bg/xiQPSZLId9pMv2s_MZtrVntaUznED8IZKY_fAKtlVSo.js line 1 > eval line 4101 > eval line 1 > eval, line 1: Failed to create WebGL context: WebGL creation failed: 
* Can't use WebGL in headless mode (https://bugzil.la/1375585). ()
1627388771041	Marionette	INFO	Stopped listening on port 59152
JavaScript error: , line 0: TypeError: NetworkError when attempting to fetch resource.
JavaScript error: , line 0: TypeError: NetworkError when attempting to fetch resource.
JavaScript error: , line 0: TypeError: NetworkError when attempting to fetch resource.
JavaScript error: , line 0: TypeError: NetworkError when attempting to fetch resource.
JavaScript error: , line 0: TypeError: NetworkError when attempting to fetch resource.
JavaScript error: , line 0: TypeError: NetworkError when attempting to fetch resource.
JavaScript error: , line 0: TypeError: NetworkError when attempting to fetch resource.
JavaScript error: , line 0: TypeError: NetworkError when attempting to fetch resource.
JavaScript error: , line 0: TypeError: NetworkError when attempting to fetch resource.
JavaScript error: , line 0: TypeError: NetworkError when attempting to fetch resource.
JavaScript error: resource://gre/modules/AsyncShutdown.jsm, line 718: Error: Phase "Sqlite.jsm: wait until all connections are closed" is finished, it is too late to register completion condition "protections.sqlite#0: waiting for shutdown"

###!!! [Parent][RunMessage] Error: Channel closing: too late to send/recv, messages will be lost

1627389247803	geckodriver	INFO	Listening on 127.0.0.1:59436
1627389248830	mozrunner::runner	INFO	Running command: "/Applications/Firefox.app/Contents/MacOS/firefox-bin" "--marionette" "-headless" "-foreground" "-no-remote" "-profile" "/var/folders/q1/k_zf72695zj_nzqbjmgw2t900000gn/T/rust_mozprofileEBivzY"
*** You are running in headless mode.
1627389249573	Marionette	INFO	Marionette enabled
[GFX1-]: RenderCompositorSWGL failed mapping default framebuffer, no dt
console.warn: SearchSettings: "get: No settings file exists, new profile?" (new NotFoundError("Could not open the file at /var/folders/q1/k_zf72695zj_nzqbjmgw2t900000gn/T/rust_mozprofileEBivzY/search.json.mozlz4", (void 0)))
console.error: BackgroundUpdate: 
  _reasonsToNotScheduleUpdates: Failed to check for Maintenance Service Registry Key: [Exception... "Component returned failure code: 0x80004001 (NS_ERROR_NOT_IMPLEMENTED) [nsIUpdateProcessor.getServiceRegKeyExists]"  nsresult: "0x80004001 (NS_ERROR_NOT_IMPLEMENTED)"  location: "JS frame :: resource://gre/modules/BackgroundUpdate.jsm :: _reasonsToNotScheduleUpdates :: line 243"  data: no]
1627389251058	Marionette	INFO	Listening on port 59447
1627389251148	Marionette	WARN	TLS certificate errors will be ignored for this session
JavaScript error: https://www.dailymirror.lk/breaking_news/Police-to-raid-households-employing-underage-children-as-domestic-aides/108-216950, line 673: ReferenceError: vitag is not defined
JavaScript error: https://www.dailymirror.lk/breaking_news/Police-to-raid-households-employing-underage-children-as-domestic-aides/108-216950, line 1856: TypeError: sidebarBtn is null
JavaScript error: https://www.dailymirror.lk/breaking_news/Police-to-raid-households-employing-underage-children-as-domestic-aides/108-216950, line 1946: ReferenceError: fluidvids is not defined
JavaScript error: https://www.dailymirror.lk/breaking_news/Police-to-raid-households-employing-underage-children-as-domestic-aides/108-216950, line 1956: ReferenceError: urchinTracker is not defined
JavaScript warning: https://pagead2.googlesyndication.com/bg/xiQPSZLId9pMv2s_MZtrVntaUznED8IZKY_fAKtlVSo.js line 1 > eval line 4824 > eval, line 1: Failed to create WebGL context: WebGL creation failed: 
* Can't use WebGL in headless mode (https://bugzil.la/1375585). ()
1627389257775	Marionette	INFO	Stopped listening on port 59447
JavaScript error: , line 0: TypeError: NetworkError when attempting to fetch resource.
JavaScript error: , line 0: TypeError: NetworkError when attempting to fetch resource.
JavaScript error: , line 0: TypeError: NetworkError when attempting to fetch resource.
JavaScript error: , line 0: TypeError: NetworkError when attempting to fetch resource.
JavaScript error: , line 0: TypeError: NetworkError when attempting to fetch resource.
JavaScript error: , line 0: TypeError: NetworkError when attempting to fetch resource.
JavaScript error: , line 0: TypeError: NetworkError when attempting to fetch resource.
JavaScript error: , line 0: TypeError: NetworkError when attempting to fetch resource.
JavaScript error: , line 0: TypeError: NetworkError when attempting to fetch resource.
JavaScript error: , line 0: TypeError: NetworkError when attempting to fetch resource.
JavaScript error: resource://gre/modules/AsyncShutdown.jsm, line 718: Error: Phase "Sqlite.jsm: wait until all connections are closed" is finished, it is too late to register completion condition "protections.sqlite#0: waiting for shutdown"
1627389259740	geckodriver	INFO	Listening on 127.0.0.1:59577
1627389260768	mozrunner::runner	INFO	Running command: "/Applications/Firefox.app/Contents/MacOS/firefox-bin" "--marionette" "-headless" "-foreground" "-no-remote" "-profile" "/var/folders/q1/k_zf72695zj_nzqbjmgw2t900000gn/T/rust_mozprofileTKrMAQ"
*** You are running in headless mode.
1627389261209	Marionette	INFO	Marionette enabled
[GFX1-]: RenderCompositorSWGL failed mapping default framebuffer, no dt
console.warn: SearchSettings: "get: No settings file exists, new profile?" (new NotFoundError("Could not open the file at /var/folders/q1/k_zf72695zj_nzqbjmgw2t900000gn/T/rust_mozprofileTKrMAQ/search.json.mozlz4", (void 0)))
console.error: BackgroundUpdate: 
  _reasonsToNotScheduleUpdates: Failed to check for Maintenance Service Registry Key: [Exception... "Component returned failure code: 0x80004001 (NS_ERROR_NOT_IMPLEMENTED) [nsIUpdateProcessor.getServiceRegKeyExists]"  nsresult: "0x80004001 (NS_ERROR_NOT_IMPLEMENTED)"  location: "JS frame :: resource://gre/modules/BackgroundUpdate.jsm :: _reasonsToNotScheduleUpdates :: line 243"  data: no]
1627389262371	Marionette	INFO	Listening on port 59588
1627389262437	Marionette	WARN	TLS certificate errors will be ignored for this session
JavaScript error: https://www.dailymirror.lk/breaking_news/Police-unravel-rental-vehicle-selling-racket/108-216951, line 676: ReferenceError: vitag is not defined
JavaScript error: https://www.dailymirror.lk/breaking_news/Police-unravel-rental-vehicle-selling-racket/108-216951, line 1719: TypeError: sidebarBtn is null
JavaScript error: https://www.dailymirror.lk/breaking_news/Police-unravel-rental-vehicle-selling-racket/108-216951, line 1809: ReferenceError: fluidvids is not defined
JavaScript error: https://www.dailymirror.lk/breaking_news/Police-unravel-rental-vehicle-selling-racket/108-216951, line 1819: ReferenceError: urchinTracker is not defined
JavaScript warning: https://pagead2.googlesyndication.com/bg/xiQPSZLId9pMv2s_MZtrVntaUznED8IZKY_fAKtlVSo.js line 1 > eval line 1714 > eval line 1 > eval, line 1: Failed to create WebGL context: WebGL creation failed: 
* Can't use WebGL in headless mode (https://bugzil.la/1375585). ()
1627389268216	Marionette	INFO	Stopped listening on port 59588
JavaScript error: , line 0: TypeError: NetworkError when attempting to fetch resource.
JavaScript error: , line 0: TypeError: NetworkError when attempting to fetch resource.
JavaScript error: , line 0: TypeError: NetworkError when attempting to fetch resource.
JavaScript error: , line 0: TypeError: NetworkError when attempting to fetch resource.
JavaScript error: , line 0: TypeError: NetworkError when attempting to fetch resource.
JavaScript error: , line 0: TypeError: NetworkError when attempting to fetch resource.
JavaScript error: , line 0: TypeError: NetworkError when attempting to fetch resource.
JavaScript error: , line 0: TypeError: NetworkError when attempting to fetch resource.
JavaScript error: , line 0: TypeError: NetworkError when attempting to fetch resource.

###!!! [Parent][MessageChannel] Error: (msgtype=0x390079,name=PContent::Msg_DestroyBrowsingContextGroup) Closed channel: cannot send/recv

JavaScript error: resource://gre/modules/Sqlite.jsm, line 1030: Error: Sqlite.jsm has been shutdown. Cannot open connection to: /var/folders/q1/k_zf72695zj_nzqbjmgw2t900000gn/T/rust_mozprofileTKrMAQ/protections.sqlite

###!!! [Parent][RunMessage] Error: Channel closing: too late to send/recv, messages will be lost

1627389270097	geckodriver	INFO	Listening on 127.0.0.1:59712
1627389271124	mozrunner::runner	INFO	Running command: "/Applications/Firefox.app/Contents/MacOS/firefox-bin" "--marionette" "-headless" "-foreground" "-no-remote" "-profile" "/var/folders/q1/k_zf72695zj_nzqbjmgw2t900000gn/T/rust_mozprofileTkZBcE"
*** You are running in headless mode.
1627389271520	Marionette	INFO	Marionette enabled
[GFX1-]: RenderCompositorSWGL failed mapping default framebuffer, no dt
console.warn: SearchSettings: "get: No settings file exists, new profile?" (new NotFoundError("Could not open the file at /var/folders/q1/k_zf72695zj_nzqbjmgw2t900000gn/T/rust_mozprofileTkZBcE/search.json.mozlz4", (void 0)))
console.error: BackgroundUpdate: 
  _reasonsToNotScheduleUpdates: Failed to check for Maintenance Service Registry Key: [Exception... "Component returned failure code: 0x80004001 (NS_ERROR_NOT_IMPLEMENTED) [nsIUpdateProcessor.getServiceRegKeyExists]"  nsresult: "0x80004001 (NS_ERROR_NOT_IMPLEMENTED)"  location: "JS frame :: resource://gre/modules/BackgroundUpdate.jsm :: _reasonsToNotScheduleUpdates :: line 243"  data: no]
1627389272641	Marionette	INFO	Listening on port 59723
1627389272704	Marionette	WARN	TLS certificate errors will be ignored for this session
JavaScript error: https://www.dailymirror.lk/breaking_news/SL-to-discuss-with-21-countries-to-lift-travel-ban-on-tourists/108-216959, line 683: ReferenceError: vitag is not defined
JavaScript error: https://www.dailymirror.lk/breaking_news/SL-to-discuss-with-21-countries-to-lift-travel-ban-on-tourists/108-216959, line 1750: TypeError: sidebarBtn is null
JavaScript error: https://www.dailymirror.lk/breaking_news/SL-to-discuss-with-21-countries-to-lift-travel-ban-on-tourists/108-216959, line 1840: ReferenceError: fluidvids is not defined
JavaScript error: https://www.dailymirror.lk/breaking_news/SL-to-discuss-with-21-countries-to-lift-travel-ban-on-tourists/108-216959, line 1850: ReferenceError: urchinTracker is not defined
JavaScript warning: https://pagead2.googlesyndication.com/bg/xiQPSZLId9pMv2s_MZtrVntaUznED8IZKY_fAKtlVSo.js line 1 > eval line 3094 > eval line 1 > eval, line 1: Failed to create WebGL context: WebGL creation failed: 
* Can't use WebGL in headless mode (https://bugzil.la/1375585). ()
1627389278662	Marionette	INFO	Stopped listening on port 59723
JavaScript error: , line 0: TypeError: NetworkError when attempting to fetch resource.
JavaScript error: , line 0: TypeError: NetworkError when attempting to fetch resource.
JavaScript error: , line 0: TypeError: NetworkError when attempting to fetch resource.
JavaScript error: , line 0: TypeError: NetworkError when attempting to fetch resource.
JavaScript error: , line 0: TypeError: NetworkError when attempting to fetch resource.
JavaScript error: , line 0: TypeError: NetworkError when attempting to fetch resource.
JavaScript error: , line 0: TypeError: NetworkError when attempting to fetch resource.
JavaScript error: , line 0: TypeError: NetworkError when attempting to fetch resource.
JavaScript error: , line 0: TypeError: NetworkError when attempting to fetch resource.
JavaScript error: , line 0: TypeError: NetworkError when attempting to fetch resource.

###!!! [Parent][RunMessage] Error: Channel closing: too late to send/recv, messages will be lost

1627389280581	geckodriver	INFO	Listening on 127.0.0.1:59849
1627389281606	mozrunner::runner	INFO	Running command: "/Applications/Firefox.app/Contents/MacOS/firefox-bin" "--marionette" "-headless" "-foreground" "-no-remote" "-profile" "/var/folders/q1/k_zf72695zj_nzqbjmgw2t900000gn/T/rust_mozprofileJ0Gacf"
*** You are running in headless mode.
1627389282026	Marionette	INFO	Marionette enabled
[GFX1-]: RenderCompositorSWGL failed mapping default framebuffer, no dt
console.warn: SearchSettings: "get: No settings file exists, new profile?" (new NotFoundError("Could not open the file at /var/folders/q1/k_zf72695zj_nzqbjmgw2t900000gn/T/rust_mozprofileJ0Gacf/search.json.mozlz4", (void 0)))
console.error: BackgroundUpdate: 
  _reasonsToNotScheduleUpdates: Failed to check for Maintenance Service Registry Key: [Exception... "Component returned failure code: 0x80004001 (NS_ERROR_NOT_IMPLEMENTED) [nsIUpdateProcessor.getServiceRegKeyExists]"  nsresult: "0x80004001 (NS_ERROR_NOT_IMPLEMENTED)"  location: "JS frame :: resource://gre/modules/BackgroundUpdate.jsm :: _reasonsToNotScheduleUpdates :: line 243"  data: no]
1627389283198	Marionette	INFO	Listening on port 59860
1627389283292	Marionette	WARN	TLS certificate errors will be ignored for this session
JavaScript error: https://www.dailymirror.lk/breaking_news/Second-Sri-Lanka-India-T20I-postponed/108-216961, line 673: ReferenceError: vitag is not defined
JavaScript error: https://www.dailymirror.lk/breaking_news/Second-Sri-Lanka-India-T20I-postponed/108-216961, line 1671: TypeError: sidebarBtn is null
JavaScript error: https://www.dailymirror.lk/breaking_news/Second-Sri-Lanka-India-T20I-postponed/108-216961, line 1761: ReferenceError: fluidvids is not defined
JavaScript error: https://www.dailymirror.lk/breaking_news/Second-Sri-Lanka-India-T20I-postponed/108-216961, line 1771: ReferenceError: urchinTracker is not defined
JavaScript warning: https://pagead2.googlesyndication.com/bg/xiQPSZLId9pMv2s_MZtrVntaUznED8IZKY_fAKtlVSo.js line 1 > eval line 3073 > eval line 1 > eval, line 1: Failed to create WebGL context: WebGL creation failed: 
* Can't use WebGL in headless mode (https://bugzil.la/1375585). ()
1627389288873	Marionette	INFO	Stopped listening on port 59860
JavaScript error: , line 0: TypeError: NetworkError when attempting to fetch resource.
JavaScript error: , line 0: TypeError: NetworkError when attempting to fetch resource.
JavaScript error: , line 0: TypeError: NetworkError when attempting to fetch resource.
JavaScript error: , line 0: TypeError: NetworkError when attempting to fetch resource.
JavaScript error: , line 0: TypeError: NetworkError when attempting to fetch resource.
JavaScript error: , line 0: TypeError: NetworkError when attempting to fetch resource.
JavaScript error: , line 0: TypeError: NetworkError when attempting to fetch resource.
JavaScript error: , line 0: TypeError: NetworkError when attempting to fetch resource.
JavaScript error: , line 0: TypeError: NetworkError when attempting to fetch resource.
JavaScript error: , line 0: TypeError: NetworkError when attempting to fetch resource.

###!!! [Parent][RunMessage] Error: Channel closing: too late to send/recv, messages will be lost

1627389318708	geckodriver	INFO	Listening on 127.0.0.1:59980
1627389319739	mozrunner::runner	INFO	Running command: "/Applications/Firefox.app/Contents/MacOS/firefox-bin" "--marionette" "-headless" "-foreground" "-no-remote" "-profile" "/var/folders/q1/k_zf72695zj_nzqbjmgw2t900000gn/T/rust_mozprofileWCr11a"
*** You are running in headless mode.
1627389320276	Marionette	INFO	Marionette enabled
[GFX1-]: RenderCompositorSWGL failed mapping default framebuffer, no dt
console.warn: SearchSettings: "get: No settings file exists, new profile?" (new NotFoundError("Could not open the file at /var/folders/q1/k_zf72695zj_nzqbjmgw2t900000gn/T/rust_mozprofileWCr11a/search.json.mozlz4", (void 0)))
console.error: BackgroundUpdate: 
  _reasonsToNotScheduleUpdates: Failed to check for Maintenance Service Registry Key: [Exception... "Component returned failure code: 0x80004001 (NS_ERROR_NOT_IMPLEMENTED) [nsIUpdateProcessor.getServiceRegKeyExists]"  nsresult: "0x80004001 (NS_ERROR_NOT_IMPLEMENTED)"  location: "JS frame :: resource://gre/modules/BackgroundUpdate.jsm :: _reasonsToNotScheduleUpdates :: line 243"  data: no]
1627389321472	Marionette	INFO	Listening on port 59991
1627389321526	Marionette	WARN	TLS certificate errors will be ignored for this session
JavaScript error: https://www.dailymirror.lk/breaking_news/Sri-Lanka-surpasses-global-vaccination-average/108-216922, line 687: ReferenceError: vitag is not defined
JavaScript error: https://www.dailymirror.lk/breaking_news/Sri-Lanka-surpasses-global-vaccination-average/108-216922, line 2032: TypeError: sidebarBtn is null
JavaScript error: https://www.dailymirror.lk/breaking_news/Sri-Lanka-surpasses-global-vaccination-average/108-216922, line 2122: ReferenceError: fluidvids is not defined
JavaScript error: https://www.dailymirror.lk/breaking_news/Sri-Lanka-surpasses-global-vaccination-average/108-216922, line 2132: ReferenceError: urchinTracker is not defined
JavaScript warning: https://pagead2.googlesyndication.com/bg/xiQPSZLId9pMv2s_MZtrVntaUznED8IZKY_fAKtlVSo.js line 1 > eval line 1636 > eval, line 1: Failed to create WebGL context: WebGL creation failed: 
* Can't use WebGL in headless mode (https://bugzil.la/1375585). ()
1627389327722	Marionette	INFO	Stopped listening on port 59991
JavaScript error: , line 0: TypeError: NetworkError when attempting to fetch resource.
JavaScript error: , line 0: TypeError: NetworkError when attempting to fetch resource.
JavaScript error: , line 0: TypeError: NetworkError when attempting to fetch resource.
JavaScript error: , line 0: TypeError: NetworkError when attempting to fetch resource.
JavaScript error: , line 0: TypeError: NetworkError when attempting to fetch resource.
JavaScript error: , line 0: TypeError: NetworkError when attempting to fetch resource.
JavaScript error: , line 0: TypeError: NetworkError when attempting to fetch resource.
JavaScript error: , line 0: TypeError: NetworkError when attempting to fetch resource.
JavaScript error: , line 0: TypeError: NetworkError when attempting to fetch resource.
JavaScript error: , line 0: TypeError: NetworkError when attempting to fetch resource.

###!!! [Parent][RunMessage] Error: Channel closing: too late to send/recv, messages will be lost

1627389329561	geckodriver	INFO	Listening on 127.0.0.1:60115
1627389330580	mozrunner::runner	INFO	Running command: "/Applications/Firefox.app/Contents/MacOS/firefox-bin" "--marionette" "-headless" "-foreground" "-no-remote" "-profile" "/var/folders/q1/k_zf72695zj_nzqbjmgw2t900000gn/T/rust_mozprofile2X7uSp"
*** You are running in headless mode.
1627389330979	Marionette	INFO	Marionette enabled
[GFX1-]: RenderCompositorSWGL failed mapping default framebuffer, no dt
console.warn: SearchSettings: "get: No settings file exists, new profile?" (new NotFoundError("Could not open the file at /var/folders/q1/k_zf72695zj_nzqbjmgw2t900000gn/T/rust_mozprofile2X7uSp/search.json.mozlz4", (void 0)))
console.error: BackgroundUpdate: 
  _reasonsToNotScheduleUpdates: Failed to check for Maintenance Service Registry Key: [Exception... "Component returned failure code: 0x80004001 (NS_ERROR_NOT_IMPLEMENTED) [nsIUpdateProcessor.getServiceRegKeyExists]"  nsresult: "0x80004001 (NS_ERROR_NOT_IMPLEMENTED)"  location: "JS frame :: resource://gre/modules/BackgroundUpdate.jsm :: _reasonsToNotScheduleUpdates :: line 243"  data: no]
1627389332224	Marionette	INFO	Listening on port 60126
1627389332251	Marionette	WARN	TLS certificate errors will be ignored for this session
JavaScript error: https://www.dailymirror.lk/breaking_news/Tunisias-PM-sacked-after-violent-Covid-protests/108-216881, line 693: ReferenceError: vitag is not defined
JavaScript error: https://www.dailymirror.lk/breaking_news/Tunisias-PM-sacked-after-violent-Covid-protests/108-216881, line 1757: TypeError: sidebarBtn is null
JavaScript error: https://www.dailymirror.lk/breaking_news/Tunisias-PM-sacked-after-violent-Covid-protests/108-216881, line 1847: ReferenceError: fluidvids is not defined
JavaScript error: https://www.dailymirror.lk/breaking_news/Tunisias-PM-sacked-after-violent-Covid-protests/108-216881, line 1857: ReferenceError: urchinTracker is not defined
JavaScript warning: https://pagead2.googlesyndication.com/bg/xiQPSZLId9pMv2s_MZtrVntaUznED8IZKY_fAKtlVSo.js line 1 > eval line 2172 > eval line 1 > eval, line 1: Failed to create WebGL context: WebGL creation failed: 
* Can't use WebGL in headless mode (https://bugzil.la/1375585). ()
1627389338649	Marionette	INFO	Stopped listening on port 60126
JavaScript error: , line 0: TypeError: NetworkError when attempting to fetch resource.
JavaScript error: , line 0: TypeError: NetworkError when attempting to fetch resource.
JavaScript error: , line 0: TypeError: NetworkError when attempting to fetch resource.
JavaScript error: , line 0: TypeError: NetworkError when attempting to fetch resource.
JavaScript error: , line 0: TypeError: NetworkError when attempting to fetch resource.
JavaScript error: , line 0: TypeError: NetworkError when attempting to fetch resource.
JavaScript error: , line 0: TypeError: NetworkError when attempting to fetch resource.
JavaScript error: , line 0: TypeError: NetworkError when attempting to fetch resource.
JavaScript error: , line 0: TypeError: NetworkError when attempting to fetch resource.
JavaScript error: , line 0: TypeError: NetworkError when attempting to fetch resource.
1627389340598	geckodriver	INFO	Listening on 127.0.0.1:60256
1627389341633	mozrunner::runner	INFO	Running command: "/Applications/Firefox.app/Contents/MacOS/firefox-bin" "--marionette" "-headless" "-foreground" "-no-remote" "-profile" "/var/folders/q1/k_zf72695zj_nzqbjmgw2t900000gn/T/rust_mozprofileiGcymF"
*** You are running in headless mode.
1627389342050	Marionette	INFO	Marionette enabled
[GFX1-]: RenderCompositorSWGL failed mapping default framebuffer, no dt
console.warn: SearchSettings: "get: No settings file exists, new profile?" (new NotFoundError("Could not open the file at /var/folders/q1/k_zf72695zj_nzqbjmgw2t900000gn/T/rust_mozprofileiGcymF/search.json.mozlz4", (void 0)))
console.error: BackgroundUpdate: 
  _reasonsToNotScheduleUpdates: Failed to check for Maintenance Service Registry Key: [Exception... "Component returned failure code: 0x80004001 (NS_ERROR_NOT_IMPLEMENTED) [nsIUpdateProcessor.getServiceRegKeyExists]"  nsresult: "0x80004001 (NS_ERROR_NOT_IMPLEMENTED)"  location: "JS frame :: resource://gre/modules/BackgroundUpdate.jsm :: _reasonsToNotScheduleUpdates :: line 243"  data: no]
1627389343269	Marionette	INFO	Listening on port 60267
1627389343318	Marionette	WARN	TLS certificate errors will be ignored for this session
JavaScript error: https://www.dailymirror.lk/breaking_news_videos/Duminda-Silva-leaves-Welikada-Prison-a-free-man/449-214756, line 1272: TypeError: sidebarBtn is null
JavaScript error: https://www.dailymirror.lk/breaking_news_videos/Duminda-Silva-leaves-Welikada-Prison-a-free-man/449-214756, line 1362: ReferenceError: fluidvids is not defined
JavaScript error: https://www.dailymirror.lk/breaking_news_videos/Duminda-Silva-leaves-Welikada-Prison-a-free-man/449-214756, line 1372: ReferenceError: urchinTracker is not defined
1627389350442	Marionette	INFO	Stopped listening on port 60267

###!!! [Parent][RunMessage] Error: Channel closing: too late to send/recv, messages will be lost

1627389352404	geckodriver	INFO	Listening on 127.0.0.1:60369
1627389353450	mozrunner::runner	INFO	Running command: "/Applications/Firefox.app/Contents/MacOS/firefox-bin" "--marionette" "-headless" "-foreground" "-no-remote" "-profile" "/var/folders/q1/k_zf72695zj_nzqbjmgw2t900000gn/T/rust_mozprofile0rq6qg"
*** You are running in headless mode.
1627389353865	Marionette	INFO	Marionette enabled
[GFX1-]: RenderCompositorSWGL failed mapping default framebuffer, no dt
console.warn: SearchSettings: "get: No settings file exists, new profile?" (new NotFoundError("Could not open the file at /var/folders/q1/k_zf72695zj_nzqbjmgw2t900000gn/T/rust_mozprofile0rq6qg/search.json.mozlz4", (void 0)))
console.error: BackgroundUpdate: 
  _reasonsToNotScheduleUpdates: Failed to check for Maintenance Service Registry Key: [Exception... "Component returned failure code: 0x80004001 (NS_ERROR_NOT_IMPLEMENTED) [nsIUpdateProcessor.getServiceRegKeyExists]"  nsresult: "0x80004001 (NS_ERROR_NOT_IMPLEMENTED)"  location: "JS frame :: resource://gre/modules/BackgroundUpdate.jsm :: _reasonsToNotScheduleUpdates :: line 243"  data: no]
1627389355034	Marionette	INFO	Listening on port 60380
1627389355129	Marionette	WARN	TLS certificate errors will be ignored for this session
JavaScript error: https://www.dailymirror.lk/breaking_news_videos/Pfizer-doses-to-be-administered-on-pregnant-mothers/449-215417, line 1249: TypeError: sidebarBtn is null
JavaScript error: https://www.dailymirror.lk/breaking_news_videos/Pfizer-doses-to-be-administered-on-pregnant-mothers/449-215417, line 1339: ReferenceError: fluidvids is not defined
JavaScript error: https://www.dailymirror.lk/breaking_news_videos/Pfizer-doses-to-be-administered-on-pregnant-mothers/449-215417, line 1349: ReferenceError: urchinTracker is not defined
** Unknown exception behavior: 0
Exiting due to channel error.
Exiting due to channel error.
Exiting due to channel error.
1627389404226	geckodriver	INFO	Listening on 127.0.0.1:60490
1627389405253	mozrunner::runner	INFO	Running command: "/Applications/Firefox.app/Contents/MacOS/firefox-bin" "--marionette" "-headless" "-foreground" "-no-remote" "-profile" "/var/folders/q1/k_zf72695zj_nzqbjmgw2t900000gn/T/rust_mozprofiler3aH0h"
1627389414010	geckodriver	INFO	Listening on 127.0.0.1:60506
1627389415040	mozrunner::runner	INFO	Running command: "/Applications/Firefox.app/Contents/MacOS/firefox-bin" "--marionette" "-headless" "-foreground" "-no-remote" "-profile" "/var/folders/q1/k_zf72695zj_nzqbjmgw2t900000gn/T/rust_mozprofileBUBcSe"
*** You are running in headless mode.
1627389415427	Marionette	INFO	Marionette enabled
[GFX1-]: RenderCompositorSWGL failed mapping default framebuffer, no dt
console.warn: SearchSettings: "get: No settings file exists, new profile?" (new NotFoundError("Could not open the file at /var/folders/q1/k_zf72695zj_nzqbjmgw2t900000gn/T/rust_mozprofileBUBcSe/search.json.mozlz4", (void 0)))
console.error: BackgroundUpdate: 
  _reasonsToNotScheduleUpdates: Failed to check for Maintenance Service Registry Key: [Exception... "Component returned failure code: 0x80004001 (NS_ERROR_NOT_IMPLEMENTED) [nsIUpdateProcessor.getServiceRegKeyExists]"  nsresult: "0x80004001 (NS_ERROR_NOT_IMPLEMENTED)"  location: "JS frame :: resource://gre/modules/BackgroundUpdate.jsm :: _reasonsToNotScheduleUpdates :: line 243"  data: no]
1627389416615	Marionette	INFO	Listening on port 60517
1627389416714	Marionette	WARN	TLS certificate errors will be ignored for this session
JavaScript error: https://www.dailymirror.lk/breaking_news_videos/Pfizer-doses-to-be-administered-on-pregnant-mothers/449-215417, line 1249: TypeError: sidebarBtn is null
JavaScript error: https://www.dailymirror.lk/breaking_news_videos/Pfizer-doses-to-be-administered-on-pregnant-mothers/449-215417, line 1339: ReferenceError: fluidvids is not defined
JavaScript error: https://www.dailymirror.lk/breaking_news_videos/Pfizer-doses-to-be-administered-on-pregnant-mothers/449-215417, line 1349: ReferenceError: urchinTracker is not defined
** Unknown exception behavior: 0
Exiting due to channel error.
[GFX1-]: Receive IPC close with reason=AbnormalShutdown
[GFX1-]: Receive IPC close with reason=AbnormalShutdown
Exiting due to channel error.
Exiting due to channel error.
1627389427797	geckodriver	INFO	Listening on 127.0.0.1:60619
1627389428827	mozrunner::runner	INFO	Running command: "/Applications/Firefox.app/Contents/MacOS/firefox-bin" "--marionette" "-headless" "-foreground" "-no-remote" "-profile" "/var/folders/q1/k_zf72695zj_nzqbjmgw2t900000gn/T/rust_mozprofileLGZK29"
*** You are running in headless mode.
1627389429221	Marionette	INFO	Marionette enabled
[GFX1-]: RenderCompositorSWGL failed mapping default framebuffer, no dt
console.warn: SearchSettings: "get: No settings file exists, new profile?" (new NotFoundError("Could not open the file at /var/folders/q1/k_zf72695zj_nzqbjmgw2t900000gn/T/rust_mozprofileLGZK29/search.json.mozlz4", (void 0)))
console.error: BackgroundUpdate: 
  _reasonsToNotScheduleUpdates: Failed to check for Maintenance Service Registry Key: [Exception... "Component returned failure code: 0x80004001 (NS_ERROR_NOT_IMPLEMENTED) [nsIUpdateProcessor.getServiceRegKeyExists]"  nsresult: "0x80004001 (NS_ERROR_NOT_IMPLEMENTED)"  location: "JS frame :: resource://gre/modules/BackgroundUpdate.jsm :: _reasonsToNotScheduleUpdates :: line 243"  data: no]
1627389430371	Marionette	INFO	Listening on port 60630
1627389430414	Marionette	WARN	TLS certificate errors will be ignored for this session
JavaScript error: https://www.dailymirror.lk/breaking_news_videos/Pfizer-doses-to-be-administered-on-pregnant-mothers/449-215417, line 1249: TypeError: sidebarBtn is null
JavaScript error: https://www.dailymirror.lk/breaking_news_videos/Pfizer-doses-to-be-administered-on-pregnant-mothers/449-215417, line 1339: ReferenceError: fluidvids is not defined
JavaScript error: https://www.dailymirror.lk/breaking_news_videos/Pfizer-doses-to-be-administered-on-pregnant-mothers/449-215417, line 1349: ReferenceError: urchinTracker is not defined
1627389436096	Marionette	INFO	Stopped listening on port 60630

###!!! [Parent][RunMessage] Error: Channel closing: too late to send/recv, messages will be lost

