* Tue Jul 27 12:29:25 UTC 2021
* Tue Jul 27 12:39:39 UTC 2021
* Tue Jul 27 13:10:44 UTC 2021
* Tue Jul 27 13:43:30 UTC 2021
* Tue Jul 27 13:54:02 UTC 2021
* Tue Jul 27 14:08:25 UTC 2021
* Tue Jul 27 15:08:48 UTC 2021
* Tue Jul 27 18:08:48 UTC 2021
* Tue Jul 27 19:08:14 UTC 2021
* Tue Jul 27 20:08:43 UTC 2021
* Tue Jul 27 21:08:34 UTC 2021
* Tue Jul 27 22:08:21 UTC 2021
* Tue Jul 27 23:08:51 UTC 2021
* Wed Jul 28 01:23:02 UTC 2021
* Wed Jul 28 01:31:16 UTC 2021
* Wed Jul 28 02:18:59 UTC 2021
* Wed Jul 28 03:08:46 UTC 2021
* Wed Jul 28 03:51:30 UTC 2021
* Wed Jul 28 05:33:03 UTC 2021
* Wed Jul 28 05:39:50 UTC 2021
* Wed Jul 28 06:04:10 UTC 2021
* Wed Jul 28 06:08:36 UTC 2021
* Wed Jul 28 06:08:53 UTC 2021
* Wed Jul 28 06:46:43 UTC 2021
* Wed Jul 28 06:56:43 UTC 2021
* Wed Jul 28 07:01:00 UTC 2021
* Wed Jul 28 07:07:42 UTC 2021
* Wed Jul 28 07:08:03 UTC 2021
* Wed Jul 28 08:08:26 UTC 2021
* Wed Jul 28 09:08:36 UTC 2021
* Wed Jul 28 10:08:16 UTC 2021
* Wed Jul 28 11:07:56 UTC 2021
* Wed Jul 28 12:08:55 UTC 2021
* Wed Jul 28 13:13:41 UTC 2021
* Wed Jul 28 14:08:03 UTC 2021
* Wed Jul 28 15:08:21 UTC 2021
* Wed Jul 28 16:08:40 UTC 2021
* Wed Jul 28 17:11:48 UTC 2021
* Wed Jul 28 18:08:32 UTC 2021
* Wed Jul 28 19:08:08 UTC 2021
* Wed Jul 28 20:08:16 UTC 2021
* Wed Jul 28 21:08:07 UTC 2021
* Wed Jul 28 22:07:52 UTC 2021
* Wed Jul 28 23:08:13 UTC 2021
* Thu Jul 29 00:11:26 UTC 2021
* Thu Jul 29 01:28:59 UTC 2021
* Thu Jul 29 02:17:38 UTC 2021
* Thu Jul 29 03:08:33 UTC 2021
* Thu Jul 29 04:08:19 UTC 2021
* Thu Jul 29 05:07:47 UTC 2021
* Thu Jul 29 06:08:28 UTC 2021
* Thu Jul 29 07:08:05 UTC 2021
* Thu Jul 29 08:09:04 UTC 2021
* Thu Jul 29 09:08:32 UTC 2021
* Thu Jul 29 10:08:32 UTC 2021
* Thu Jul 29 11:08:03 UTC 2021
* Thu Jul 29 12:08:43 UTC 2021
* Thu Jul 29 13:11:30 UTC 2021
* Thu Jul 29 14:08:12 UTC 2021
* Thu Jul 29 15:08:10 UTC 2021
* Thu Jul 29 16:08:29 UTC 2021
* Thu Jul 29 17:11:38 UTC 2021
* Thu Jul 29 18:09:00 UTC 2021
* Thu Jul 29 19:07:53 UTC 2021
* Thu Jul 29 20:08:23 UTC 2021
* Thu Jul 29 21:08:21 UTC 2021
* Thu Jul 29 22:08:33 UTC 2021
* Thu Jul 29 23:08:19 UTC 2021
* Fri Jul 30 00:10:50 UTC 2021
* Fri Jul 30 01:31:01 UTC 2021
* Fri Jul 30 02:20:42 UTC 2021
* Fri Jul 30 03:08:18 UTC 2021
* Fri Jul 30 04:08:23 UTC 2021
* Fri Jul 30 05:07:53 UTC 2021
* Fri Jul 30 06:08:29 UTC 2021
* Fri Jul 30 07:08:04 UTC 2021
* Fri Jul 30 08:08:32 UTC 2021
* Fri Jul 30 09:08:17 UTC 2021
* Fri Jul 30 10:08:22 UTC 2021
* Fri Jul 30 11:08:01 UTC 2021
* Fri Jul 30 12:09:06 UTC 2021
* Fri Jul 30 13:11:11 UTC 2021
* Fri Jul 30 14:08:20 UTC 2021
* Fri Jul 30 15:08:20 UTC 2021
* Fri Jul 30 16:08:25 UTC 2021
* Fri Jul 30 17:11:08 UTC 2021
* Fri Jul 30 18:08:07 UTC 2021
* Fri Jul 30 19:07:43 UTC 2021
* Fri Jul 30 20:08:21 UTC 2021
* Fri Jul 30 21:07:44 UTC 2021
* Fri Jul 30 22:08:01 UTC 2021
* Fri Jul 30 23:08:17 UTC 2021
* Sat Jul 31 00:10:36 UTC 2021
* Sat Jul 31 01:28:35 UTC 2021
* Sat Jul 31 02:16:45 UTC 2021
* Sat Jul 31 03:08:25 UTC 2021
* Sat Jul 31 03:41:28 UTC 2021
* Sat Jul 31 03:50:47 UTC 2021
* Sat Jul 31 04:08:37 UTC 2021
* Sat Jul 31 05:08:06 UTC 2021
* Sat Jul 31 05:20:06 UTC 2021
* Sat Jul 31 06:09:03 UTC 2021
* Sat Jul 31 07:08:37 UTC 2021
* Sat Jul 31 08:09:11 UTC 2021
* Sat Jul 31 09:08:41 UTC 2021
* Sat Jul 31 10:08:51 UTC 2021
* Sat Jul 31 11:08:28 UTC 2021
* Sat Jul 31 12:08:54 UTC 2021
* Sat Jul 31 13:10:03 UTC 2021
* Sat Jul 31 14:09:02 UTC 2021
* Sat Jul 31 15:08:58 UTC 2021
* Sat Jul 31 16:09:03 UTC 2021
* Sat Jul 31 17:10:31 UTC 2021
* Sat Jul 31 18:08:36 UTC 2021
* Sat Jul 31 19:08:14 UTC 2021
* Sat Jul 31 20:08:49 UTC 2021
* Sat Jul 31 21:08:36 UTC 2021
* Sat Jul 31 22:08:39 UTC 2021
* Sat Jul 31 23:08:53 UTC 2021
* Sun Aug  1 00:13:04 UTC 2021
* Sun Aug  1 01:31:36 UTC 2021
* Sun Aug  1 02:20:48 UTC 2021
* Sun Aug  1 03:08:26 UTC 2021
* Sun Aug  1 04:08:31 UTC 2021
* Sun Aug  1 05:08:16 UTC 2021
* Sun Aug  1 06:08:42 UTC 2021
* Sun Aug  1 07:08:19 UTC 2021
* Sun Aug  1 08:09:03 UTC 2021
* Sun Aug  1 09:08:49 UTC 2021
* Sun Aug  1 10:09:18 UTC 2021
* Sun Aug  1 11:08:07 UTC 2021
* Sun Aug  1 12:09:16 UTC 2021
* Sun Aug  1 13:09:54 UTC 2021
* Sun Aug  1 14:08:29 UTC 2021
* Sun Aug  1 15:08:46 UTC 2021
* Sun Aug  1 16:09:03 UTC 2021
* Sun Aug  1 17:10:24 UTC 2021
* Sun Aug  1 18:08:32 UTC 2021
* Sun Aug  1 19:08:07 UTC 2021
* Sun Aug  1 20:09:11 UTC 2021
* Sun Aug  1 21:08:54 UTC 2021
* Sun Aug  1 22:08:41 UTC 2021
* Sun Aug  1 23:08:37 UTC 2021
* Mon Aug  2 00:11:46 UTC 2021
* Mon Aug  2 01:29:24 UTC 2021
* Mon Aug  2 02:16:29 UTC 2021
* Mon Aug  2 03:09:15 UTC 2021
* Mon Aug  2 04:09:04 UTC 2021
* Mon Aug  2 05:08:29 UTC 2021
* Mon Aug  2 06:08:54 UTC 2021
* Mon Aug  2 07:08:25 UTC 2021
* Mon Aug  2 08:08:52 UTC 2021
* Mon Aug  2 09:08:42 UTC 2021
* Mon Aug  2 10:08:38 UTC 2021
* Mon Aug  2 11:08:16 UTC 2021
* Mon Aug  2 12:09:30 UTC 2021
* Mon Aug  2 13:11:41 UTC 2021
* Mon Aug  2 14:08:29 UTC 2021
* Mon Aug  2 15:08:42 UTC 2021
* Mon Aug  2 16:09:07 UTC 2021
* Mon Aug  2 17:11:47 UTC 2021
* Mon Aug  2 18:09:12 UTC 2021
* Mon Aug  2 19:08:19 UTC 2021
* Mon Aug  2 20:08:46 UTC 2021
* Mon Aug  2 21:08:33 UTC 2021
* Mon Aug  2 22:08:56 UTC 2021
* Mon Aug  2 23:08:28 UTC 2021
* Tue Aug  3 00:11:42 UTC 2021
* Tue Aug  3 01:31:23 UTC 2021
* Tue Aug  3 02:21:34 UTC 2021
* Tue Aug  3 03:08:47 UTC 2021
* Tue Aug  3 04:09:15 UTC 2021
* Tue Aug  3 05:08:20 UTC 2021
* Tue Aug  3 06:01:32 UTC 2021
* Tue Aug  3 06:09:00 UTC 2021
* Tue Aug  3 07:08:33 UTC 2021
* Tue Aug  3 08:08:53 UTC 2021
* Tue Aug  3 09:08:36 UTC 2021
* Tue Aug  3 10:09:13 UTC 2021
* Tue Aug  3 11:08:23 UTC 2021
* Tue Aug  3 12:08:51 UTC 2021
* Tue Aug  3 13:12:25 UTC 2021
* Tue Aug  3 14:08:24 UTC 2021
* Tue Aug  3 15:08:39 UTC 2021
* Tue Aug  3 16:09:04 UTC 2021
* Tue Aug  3 17:16:04 UTC 2021
* Tue Aug  3 18:08:57 UTC 2021
* Tue Aug  3 19:09:00 UTC 2021
* Tue Aug  3 20:09:15 UTC 2021
* Tue Aug  3 21:08:32 UTC 2021
* Tue Aug  3 22:08:47 UTC 2021
* Tue Aug  3 23:08:36 UTC 2021
* Wed Aug  4 00:10:50 UTC 2021
* Wed Aug  4 01:30:03 UTC 2021
* Wed Aug  4 02:17:44 UTC 2021
* Wed Aug  4 03:08:28 UTC 2021
* Wed Aug  4 04:08:52 UTC 2021
* Wed Aug  4 05:08:20 UTC 2021
* Wed Aug  4 06:09:19 UTC 2021
* Wed Aug  4 07:10:15 UTC 2021
* Wed Aug  4 08:09:18 UTC 2021
* Wed Aug  4 09:08:56 UTC 2021
* Wed Aug  4 10:09:00 UTC 2021
* Wed Aug  4 11:09:15 UTC 2021
* Wed Aug  4 12:08:57 UTC 2021
* Wed Aug  4 13:12:13 UTC 2021
* Wed Aug  4 14:09:05 UTC 2021
* Wed Aug  4 15:08:57 UTC 2021
* Wed Aug  4 16:09:05 UTC 2021
* Wed Aug  4 17:13:42 UTC 2021
* Wed Aug  4 18:08:42 UTC 2021
* Wed Aug  4 19:09:29 UTC 2021
* Wed Aug  4 20:08:30 UTC 2021
* Wed Aug  4 21:08:39 UTC 2021
* Wed Aug  4 22:08:45 UTC 2021
* Wed Aug  4 23:08:31 UTC 2021
* Thu Aug  5 00:12:10 UTC 2021
* Thu Aug  5 01:28:59 UTC 2021
* Thu Aug  5 02:15:00 UTC 2021
* Thu Aug  5 03:08:36 UTC 2021
* Thu Aug  5 04:09:23 UTC 2021
* Thu Aug  5 05:08:18 UTC 2021
* Thu Aug  5 06:09:10 UTC 2021
* Thu Aug  5 07:08:32 UTC 2021
* Thu Aug  5 08:08:44 UTC 2021
* Thu Aug  5 09:08:46 UTC 2021
* Thu Aug  5 10:08:42 UTC 2021
* Thu Aug  5 11:08:24 UTC 2021
* Thu Aug  5 12:09:10 UTC 2021
